<?xml version="1.0" encoding="UTF-8"?>
<!-- Generated by org.testng.reporters.JUnitReportReporter -->
<testsuite hostname="DESKTOP-SAS94KC" failures="0" tests="1" name="com.Module1.LoginPage.LoginWith_ValidUsernameAndPassword_Test" time="0.018" errors="0" timestamp="2024-11-01T14:36:14 IST" skipped="0">
  <testcase classname="com.Module1.LoginPage.LoginWith_ValidUsernameAndPassword_Test" name="loginWithValidUsernameAndPassword" time="0.018"/>
</testsuite> <!-- com.Module1.LoginPage.LoginWith_ValidUsernameAndPassword_Test -->
